2015-11-10 15:26:56 10fc InnoDB: Warning: Using innodb_additional_mem_pool_size is DEPRECATED. This option may be removed in future releases, together with the option innodb_use_sys_malloc and with the InnoDB's internal memory allocator.
2015-11-10 15:26:56 4348 [Note] InnoDB: Using mutexes to ref count buffer pool pages
2015-11-10 15:26:56 4348 [Note] InnoDB: The InnoDB memory heap is disabled
2015-11-10 15:26:56 4348 [Note] InnoDB: Mutexes and rw_locks use Windows interlocked functions
2015-11-10 15:26:56 4348 [Note] InnoDB: Memory barrier is not used
2015-11-10 15:26:56 4348 [Note] InnoDB: Compressed tables use zlib 1.2.3
2015-11-10 15:26:56 4348 [Note] InnoDB: Not using CPU crc32 instructions
2015-11-10 15:26:56 4348 [Note] InnoDB: Initializing buffer pool, size = 16.0M
2015-11-10 15:26:56 4348 [Note] InnoDB: Completed initialization of buffer pool
2015-11-10 15:26:56 4348 [Note] InnoDB: Highest supported file format is Barracuda.
2015-11-10 15:26:57 4348 [Note] InnoDB: 128 rollback segment(s) are active.
2015-11-10 15:26:57 4348 [Note] InnoDB: Waiting for purge to start
2015-11-10 15:26:57 4348 [Note] InnoDB:  Percona XtraDB (http://www.percona.com) 5.6.26-74.0 started; log sequence number 1835027
2015-11-10 15:26:57 6140 [Note] InnoDB: Dumping buffer pool(s) not yet started
2015-11-10 15:26:57 4348 [Note] Plugin 'FEEDBACK' is disabled.
2015-11-10 15:26:57 4348 [Note] Server socket created on IP: '::'.
2015-11-10 15:26:57 4348 [Note] Event Scheduler: Loaded 0 events
2015-11-10 15:26:57 4348 [Note] C:\xampp\mysql\bin\mysqld.exe: ready for connections.
Version: '10.1.8-MariaDB'  socket: ''  port: 3306  mariadb.org binary distribution
2015-11-10 15:27:11 5152 [Note] C:\xampp\mysql\bin\mysqld.exe: Normal shutdown

2015-11-10 15:27:11 5152 [Note] Event Scheduler: Purging the queue. 0 events
2015-11-10 15:27:11 5732 [Note] InnoDB: FTS optimize thread exiting.
2015-11-10 15:27:11 5152 [Note] InnoDB: Starting shutdown...
2015-11-10 15:27:13 5152 [Note] InnoDB: Shutdown completed; log sequence number 1835037
2015-11-10 15:27:13 5152 [Note] C:\xampp\mysql\bin\mysqld.exe: Shutdown complete

2018-08-01 13:08:58 3ba4 InnoDB: Warning: Using innodb_additional_mem_pool_size is DEPRECATED. This option may be removed in future releases, together with the option innodb_use_sys_malloc and with the InnoDB's internal memory allocator.
2018-08-01 13:08:58 15268 [Note] InnoDB: innodb_empty_free_list_algorithm has been changed to legacy because of small buffer pool size. In order to use backoff, increase buffer pool at least up to 20MB.

2018-08-01 13:08:58 15268 [Note] InnoDB: Using mutexes to ref count buffer pool pages
2018-08-01 13:08:58 15268 [Note] InnoDB: The InnoDB memory heap is disabled
2018-08-01 13:08:58 15268 [Note] InnoDB: Mutexes and rw_locks use Windows interlocked functions
2018-08-01 13:08:58 15268 [Note] InnoDB: _mm_lfence() and _mm_sfence() are used for memory barrier
2018-08-01 13:08:58 15268 [Note] InnoDB: Compressed tables use zlib 1.2.3
2018-08-01 13:08:58 15268 [Note] InnoDB: Using generic crc32 instructions
2018-08-01 13:08:58 15268 [Note] InnoDB: Initializing buffer pool, size = 16.0M
2018-08-01 13:08:58 15268 [Note] InnoDB: Completed initialization of buffer pool
2018-08-01 13:08:58 15268 [Note] InnoDB: Highest supported file format is Barracuda.
2018-08-01 13:08:58 15268 [Note] InnoDB: 128 rollback segment(s) are active.
2018-08-01 13:08:58 15268 [Note] InnoDB: Waiting for purge to start
2018-08-01 13:08:58 15268 [Note] InnoDB:  Percona XtraDB (http://www.percona.com) 5.6.39-83.1 started; log sequence number 1835037
2018-08-01 13:08:58 4844 [Note] InnoDB: Dumping buffer pool(s) not yet started
2018-08-01 13:08:58 15268 [Note] Plugin 'FEEDBACK' is disabled.
2018-08-01 13:08:58 15268 [Note] Server socket created on IP: '::'.
2018-08-01 13:08:58 15268 [Note] c:\xampp\mysql\bin\mysqld.exe: ready for connections.
Version: '10.1.34-MariaDB'  socket: ''  port: 3306  mariadb.org binary distribution
2018-08-02 08:33:20 1a64 InnoDB: Warning: Using innodb_additional_mem_pool_size is DEPRECATED. This option may be removed in future releases, together with the option innodb_use_sys_malloc and with the InnoDB's internal memory allocator.
2018-08-02  8:33:20 6756 [Note] InnoDB: innodb_empty_free_list_algorithm has been changed to legacy because of small buffer pool size. In order to use backoff, increase buffer pool at least up to 20MB.

2018-08-02  8:33:20 6756 [Note] InnoDB: Using mutexes to ref count buffer pool pages
2018-08-02  8:33:20 6756 [Note] InnoDB: The InnoDB memory heap is disabled
2018-08-02  8:33:20 6756 [Note] InnoDB: Mutexes and rw_locks use Windows interlocked functions
2018-08-02  8:33:20 6756 [Note] InnoDB: _mm_lfence() and _mm_sfence() are used for memory barrier
2018-08-02  8:33:20 6756 [Note] InnoDB: Compressed tables use zlib 1.2.3
2018-08-02  8:33:20 6756 [Note] InnoDB: Using generic crc32 instructions
2018-08-02  8:33:20 6756 [Note] InnoDB: Initializing buffer pool, size = 16.0M
2018-08-02  8:33:20 6756 [Note] InnoDB: Completed initialization of buffer pool
2018-08-02  8:33:20 6756 [Note] InnoDB: Highest supported file format is Barracuda.
2018-08-02  8:33:20 6756 [Note] InnoDB: The log sequence number 1835037 in ibdata file do not match the log sequence number 2267204 in the ib_logfiles!
2018-08-02  8:33:20 6756 [Note] InnoDB: Restoring possible half-written data pages from the doublewrite buffer...
2018-08-02  8:33:20 6756 [Note] InnoDB: 128 rollback segment(s) are active.
2018-08-02  8:33:20 6756 [Note] InnoDB: Waiting for purge to start
2018-08-02  8:33:21 6756 [Note] InnoDB:  Percona XtraDB (http://www.percona.com) 5.6.39-83.1 started; log sequence number 2267204
2018-08-02  8:33:21 1736 [Note] InnoDB: Dumping buffer pool(s) not yet started
2018-08-02  8:33:21 6756 [Note] Plugin 'FEEDBACK' is disabled.
2018-08-02  8:33:21 6756 [Note] Server socket created on IP: '::'.
2018-08-02  8:33:21 6756 [Note] c:\xampp\mysql\bin\mysqld.exe: ready for connections.
Version: '10.1.34-MariaDB'  socket: ''  port: 3306  mariadb.org binary distribution
2018-08-02  9:03:23 1132 [ERROR] Incorrect definition of table mysql.column_stats: expected column 'min_value' at position 3 to have type varbinary(255), found type varchar(255).
2018-08-02  9:03:23 1132 [ERROR] Incorrect definition of table mysql.column_stats: expected column 'max_value' at position 4 to have type varbinary(255), found type varchar(255).
2018-08-03 18:44:19 ef0 InnoDB: Warning: Using innodb_additional_mem_pool_size is DEPRECATED. This option may be removed in future releases, together with the option innodb_use_sys_malloc and with the InnoDB's internal memory allocator.
2018-08-03 18:44:19 3824 [Note] InnoDB: innodb_empty_free_list_algorithm has been changed to legacy because of small buffer pool size. In order to use backoff, increase buffer pool at least up to 20MB.

2018-08-03 18:44:19 3824 [Note] InnoDB: Using mutexes to ref count buffer pool pages
2018-08-03 18:44:19 3824 [Note] InnoDB: The InnoDB memory heap is disabled
2018-08-03 18:44:19 3824 [Note] InnoDB: Mutexes and rw_locks use Windows interlocked functions
2018-08-03 18:44:19 3824 [Note] InnoDB: _mm_lfence() and _mm_sfence() are used for memory barrier
2018-08-03 18:44:19 3824 [Note] InnoDB: Compressed tables use zlib 1.2.3
2018-08-03 18:44:19 3824 [Note] InnoDB: Using generic crc32 instructions
2018-08-03 18:44:19 3824 [Note] InnoDB: Initializing buffer pool, size = 16.0M
2018-08-03 18:44:19 3824 [Note] InnoDB: Completed initialization of buffer pool
2018-08-03 18:44:19 3824 [Note] InnoDB: Highest supported file format is Barracuda.
2018-08-03 18:44:19 3824 [Note] InnoDB: The log sequence number 1835037 in ibdata file do not match the log sequence number 3677519 in the ib_logfiles!
2018-08-03 18:44:19 3824 [Note] InnoDB: Restoring possible half-written data pages from the doublewrite buffer...
2018-08-03 18:44:20 3824 [Note] InnoDB: 128 rollback segment(s) are active.
2018-08-03 18:44:20 3824 [Note] InnoDB: Waiting for purge to start
2018-08-03 18:44:20 3824 [Note] InnoDB:  Percona XtraDB (http://www.percona.com) 5.6.39-83.1 started; log sequence number 3677519
2018-08-03 18:44:20 2584 [Note] InnoDB: Dumping buffer pool(s) not yet started
2018-08-03 18:44:20 3824 [Note] Plugin 'FEEDBACK' is disabled.
2018-08-03 18:44:20 3824 [Note] Server socket created on IP: '::'.
2018-08-03 18:44:20 3824 [Note] c:\xampp\mysql\bin\mysqld.exe: ready for connections.
Version: '10.1.34-MariaDB'  socket: ''  port: 3306  mariadb.org binary distribution
2018-08-03 18:57:57 2398  InnoDB: Error: in ALTER TABLE `flood_risk_management_db`.`alert_level_history_municipality`
InnoDB: has or is referenced in foreign key constraints
InnoDB: which are not compatible with the new table definition.
2018-08-05 16:28:41 3ec4 InnoDB: Warning: Using innodb_additional_mem_pool_size is DEPRECATED. This option may be removed in future releases, together with the option innodb_use_sys_malloc and with the InnoDB's internal memory allocator.
2018-08-05 16:28:41 16068 [Note] InnoDB: innodb_empty_free_list_algorithm has been changed to legacy because of small buffer pool size. In order to use backoff, increase buffer pool at least up to 20MB.

2018-08-05 16:28:41 16068 [Note] InnoDB: Using mutexes to ref count buffer pool pages
2018-08-05 16:28:41 16068 [Note] InnoDB: The InnoDB memory heap is disabled
2018-08-05 16:28:41 16068 [Note] InnoDB: Mutexes and rw_locks use Windows interlocked functions
2018-08-05 16:28:41 16068 [Note] InnoDB: _mm_lfence() and _mm_sfence() are used for memory barrier
2018-08-05 16:28:41 16068 [Note] InnoDB: Compressed tables use zlib 1.2.3
2018-08-05 16:28:41 16068 [Note] InnoDB: Using generic crc32 instructions
2018-08-05 16:28:41 16068 [Note] InnoDB: Initializing buffer pool, size = 16.0M
2018-08-05 16:28:41 16068 [Note] InnoDB: Completed initialization of buffer pool
2018-08-05 16:28:41 16068 [Note] InnoDB: Highest supported file format is Barracuda.
2018-08-05 16:28:41 16068 [Note] InnoDB: The log sequence number 1835037 in ibdata file do not match the log sequence number 3928720 in the ib_logfiles!
2018-08-05 16:28:41 16068 [Note] InnoDB: Restoring possible half-written data pages from the doublewrite buffer...
2018-08-05 16:28:41 16068 [Note] InnoDB: 128 rollback segment(s) are active.
2018-08-05 16:28:41 16068 [Note] InnoDB: Waiting for purge to start
2018-08-05 16:28:41 16068 [Note] InnoDB:  Percona XtraDB (http://www.percona.com) 5.6.39-83.1 started; log sequence number 3928720
2018-08-05 16:28:41 7400 [Note] InnoDB: Dumping buffer pool(s) not yet started
2018-08-05 16:28:41 16068 [Note] Plugin 'FEEDBACK' is disabled.
2018-08-05 16:28:41 16068 [Note] Server socket created on IP: '::'.
2018-08-05 16:28:41 16068 [Note] c:\xampp\mysql\bin\mysqld.exe: ready for connections.
Version: '10.1.34-MariaDB'  socket: ''  port: 3306  mariadb.org binary distribution
2018-08-09 10:34:34 26e0 InnoDB: Warning: Using innodb_additional_mem_pool_size is DEPRECATED. This option may be removed in future releases, together with the option innodb_use_sys_malloc and with the InnoDB's internal memory allocator.
2018-08-09 10:34:34 9952 [Note] InnoDB: innodb_empty_free_list_algorithm has been changed to legacy because of small buffer pool size. In order to use backoff, increase buffer pool at least up to 20MB.

2018-08-09 10:34:34 9952 [Note] InnoDB: Using mutexes to ref count buffer pool pages
2018-08-09 10:34:34 9952 [Note] InnoDB: The InnoDB memory heap is disabled
2018-08-09 10:34:34 9952 [Note] InnoDB: Mutexes and rw_locks use Windows interlocked functions
2018-08-09 10:34:34 9952 [Note] InnoDB: _mm_lfence() and _mm_sfence() are used for memory barrier
2018-08-09 10:34:34 9952 [Note] InnoDB: Compressed tables use zlib 1.2.3
2018-08-09 10:34:34 9952 [Note] InnoDB: Using generic crc32 instructions
2018-08-09 10:34:34 9952 [Note] InnoDB: Initializing buffer pool, size = 16.0M
2018-08-09 10:34:34 9952 [Note] InnoDB: Completed initialization of buffer pool
2018-08-09 10:34:34 9952 [Note] InnoDB: Highest supported file format is Barracuda.
2018-08-09 10:34:34 9952 [Note] InnoDB: The log sequence number 1835037 in ibdata file do not match the log sequence number 4087634 in the ib_logfiles!
2018-08-09 10:34:34 9952 [Note] InnoDB: Restoring possible half-written data pages from the doublewrite buffer...
2018-08-09 10:34:35 9952 [Note] InnoDB: 128 rollback segment(s) are active.
2018-08-09 10:34:35 9952 [Note] InnoDB: Waiting for purge to start
2018-08-09 10:34:35 9952 [Note] InnoDB:  Percona XtraDB (http://www.percona.com) 5.6.39-83.1 started; log sequence number 4087634
2018-08-09 10:34:36 6672 [Note] InnoDB: Dumping buffer pool(s) not yet started
2018-08-09 10:34:36 9952 [Note] Plugin 'FEEDBACK' is disabled.
2018-08-09 10:34:36 9952 [Note] Server socket created on IP: '::'.
2018-08-09 10:34:36 9952 [ERROR] Can't start server: Bind on TCP/IP port. Got error: 10048: Only one usage of each socket address (protocol/network address/port) is normally permitted.

2018-08-09 10:34:36 9952 [ERROR] Do you already have another mysqld server running on port: 3306 ?
2018-08-09 10:34:36 9952 [ERROR] Aborting

2018-08-09 10:34:39 2328 InnoDB: Warning: Using innodb_additional_mem_pool_size is DEPRECATED. This option may be removed in future releases, together with the option innodb_use_sys_malloc and with the InnoDB's internal memory allocator.
2018-08-09 10:34:39 9000 [Note] InnoDB: innodb_empty_free_list_algorithm has been changed to legacy because of small buffer pool size. In order to use backoff, increase buffer pool at least up to 20MB.

2018-08-09 10:34:39 9000 [Note] InnoDB: Using mutexes to ref count buffer pool pages
2018-08-09 10:34:39 9000 [Note] InnoDB: The InnoDB memory heap is disabled
2018-08-09 10:34:39 9000 [Note] InnoDB: Mutexes and rw_locks use Windows interlocked functions
2018-08-09 10:34:39 9000 [Note] InnoDB: _mm_lfence() and _mm_sfence() are used for memory barrier
2018-08-09 10:34:39 9000 [Note] InnoDB: Compressed tables use zlib 1.2.3
2018-08-09 10:34:39 9000 [Note] InnoDB: Using generic crc32 instructions
2018-08-09 10:34:39 9000 [Note] InnoDB: Initializing buffer pool, size = 16.0M
2018-08-09 10:34:39 9000 [Note] InnoDB: Completed initialization of buffer pool
2018-08-09 10:34:39 9000 [Note] InnoDB: Highest supported file format is Barracuda.
2018-08-09 10:34:40 9000 [Note] InnoDB: 128 rollback segment(s) are active.
2018-08-09 10:34:40 9000 [Note] InnoDB: Waiting for purge to start
2018-08-09 10:34:40 9000 [Note] InnoDB:  Percona XtraDB (http://www.percona.com) 5.6.39-83.1 started; log sequence number 4087644
2018-08-09 10:34:40 6324 [Note] InnoDB: Dumping buffer pool(s) not yet started
2018-08-09 10:34:40 9000 [Note] Plugin 'FEEDBACK' is disabled.
2018-08-09 10:34:40 9000 [Note] Server socket created on IP: '::'.
2018-08-09 10:34:40 9000 [ERROR] Can't start server: Bind on TCP/IP port. Got error: 10048: Only one usage of each socket address (protocol/network address/port) is normally permitted.

2018-08-09 10:34:40 9000 [ERROR] Do you already have another mysqld server running on port: 3306 ?
2018-08-09 10:34:40 9000 [ERROR] Aborting

2018-08-09 10:34:44 8b0 InnoDB: Warning: Using innodb_additional_mem_pool_size is DEPRECATED. This option may be removed in future releases, together with the option innodb_use_sys_malloc and with the InnoDB's internal memory allocator.
2018-08-09 10:34:44 2224 [Note] InnoDB: innodb_empty_free_list_algorithm has been changed to legacy because of small buffer pool size. In order to use backoff, increase buffer pool at least up to 20MB.

2018-08-09 10:34:44 2224 [Note] InnoDB: Using mutexes to ref count buffer pool pages
2018-08-09 10:34:44 2224 [Note] InnoDB: The InnoDB memory heap is disabled
2018-08-09 10:34:44 2224 [Note] InnoDB: Mutexes and rw_locks use Windows interlocked functions
2018-08-09 10:34:44 2224 [Note] InnoDB: _mm_lfence() and _mm_sfence() are used for memory barrier
2018-08-09 10:34:44 2224 [Note] InnoDB: Compressed tables use zlib 1.2.3
2018-08-09 10:34:44 2224 [Note] InnoDB: Using generic crc32 instructions
2018-08-09 10:34:44 2224 [Note] InnoDB: Initializing buffer pool, size = 16.0M
2018-08-09 10:34:44 2224 [Note] InnoDB: Completed initialization of buffer pool
2018-08-09 10:34:44 2224 [Note] InnoDB: Highest supported file format is Barracuda.
2018-08-09 10:34:44 2224 [Note] InnoDB: 128 rollback segment(s) are active.
2018-08-09 10:34:44 2224 [Note] InnoDB: Waiting for purge to start
2018-08-09 10:34:44 2224 [Note] InnoDB:  Percona XtraDB (http://www.percona.com) 5.6.39-83.1 started; log sequence number 4087654
2018-08-09 10:34:44 7316 [Note] InnoDB: Dumping buffer pool(s) not yet started
2018-08-09 10:34:44 2224 [Note] Plugin 'FEEDBACK' is disabled.
2018-08-09 10:34:44 2224 [Note] Server socket created on IP: '::'.
2018-08-09 10:34:44 2224 [ERROR] Can't start server: Bind on TCP/IP port. Got error: 10048: Only one usage of each socket address (protocol/network address/port) is normally permitted.

2018-08-09 10:34:44 2224 [ERROR] Do you already have another mysqld server running on port: 3306 ?
2018-08-09 10:34:44 2224 [ERROR] Aborting

2018-08-09 10:36:26 314 InnoDB: Warning: Using innodb_additional_mem_pool_size is DEPRECATED. This option may be removed in future releases, together with the option innodb_use_sys_malloc and with the InnoDB's internal memory allocator.
2018-08-09 10:36:26 788 [Note] InnoDB: innodb_empty_free_list_algorithm has been changed to legacy because of small buffer pool size. In order to use backoff, increase buffer pool at least up to 20MB.

2018-08-09 10:36:26 788 [Note] InnoDB: Using mutexes to ref count buffer pool pages
2018-08-09 10:36:26 788 [Note] InnoDB: The InnoDB memory heap is disabled
2018-08-09 10:36:26 788 [Note] InnoDB: Mutexes and rw_locks use Windows interlocked functions
2018-08-09 10:36:26 788 [Note] InnoDB: _mm_lfence() and _mm_sfence() are used for memory barrier
2018-08-09 10:36:26 788 [Note] InnoDB: Compressed tables use zlib 1.2.3
2018-08-09 10:36:26 788 [Note] InnoDB: Using generic crc32 instructions
2018-08-09 10:36:26 788 [Note] InnoDB: Initializing buffer pool, size = 16.0M
2018-08-09 10:36:26 788 [Note] InnoDB: Completed initialization of buffer pool
2018-08-09 10:36:26 788 [Note] InnoDB: Highest supported file format is Barracuda.
2018-08-09 10:36:26 788 [Note] InnoDB: 128 rollback segment(s) are active.
2018-08-09 10:36:26 788 [Note] InnoDB: Waiting for purge to start
2018-08-09 10:36:26 788 [Note] InnoDB:  Percona XtraDB (http://www.percona.com) 5.6.39-83.1 started; log sequence number 4087664
2018-08-09 10:36:27 8056 [Note] InnoDB: Dumping buffer pool(s) not yet started
2018-08-09 10:36:27 788 [Note] Plugin 'FEEDBACK' is disabled.
2018-08-09 10:36:27 788 [Note] Server socket created on IP: '::'.
2018-08-09 10:36:27 788 [ERROR] Can't start server: Bind on TCP/IP port. Got error: 10048: Only one usage of each socket address (protocol/network address/port) is normally permitted.

2018-08-09 10:36:27 788 [ERROR] Do you already have another mysqld server running on port: 3306 ?
2018-08-09 10:36:27 788 [ERROR] Aborting

2018-08-09 10:37:20 2648 InnoDB: Warning: Using innodb_additional_mem_pool_size is DEPRECATED. This option may be removed in future releases, together with the option innodb_use_sys_malloc and with the InnoDB's internal memory allocator.
2018-08-09 10:37:20 9800 [Note] InnoDB: innodb_empty_free_list_algorithm has been changed to legacy because of small buffer pool size. In order to use backoff, increase buffer pool at least up to 20MB.

2018-08-09 10:37:20 9800 [Note] InnoDB: Using mutexes to ref count buffer pool pages
2018-08-09 10:37:20 9800 [Note] InnoDB: The InnoDB memory heap is disabled
2018-08-09 10:37:20 9800 [Note] InnoDB: Mutexes and rw_locks use Windows interlocked functions
2018-08-09 10:37:20 9800 [Note] InnoDB: _mm_lfence() and _mm_sfence() are used for memory barrier
2018-08-09 10:37:20 9800 [Note] InnoDB: Compressed tables use zlib 1.2.3
2018-08-09 10:37:20 9800 [Note] InnoDB: Using generic crc32 instructions
2018-08-09 10:37:20 9800 [Note] InnoDB: Initializing buffer pool, size = 16.0M
2018-08-09 10:37:20 9800 [Note] InnoDB: Completed initialization of buffer pool
2018-08-09 10:37:20 9800 [Note] InnoDB: Highest supported file format is Barracuda.
2018-08-09 10:37:21 9800 [Note] InnoDB: 128 rollback segment(s) are active.
2018-08-09 10:37:21 9800 [Note] InnoDB: Waiting for purge to start
2018-08-09 10:37:21 9800 [Note] InnoDB:  Percona XtraDB (http://www.percona.com) 5.6.39-83.1 started; log sequence number 4087674
2018-08-09 10:37:21 1436 [Note] InnoDB: Dumping buffer pool(s) not yet started
2018-08-09 10:37:21 9800 [Note] Plugin 'FEEDBACK' is disabled.
2018-08-09 10:37:21 9800 [Note] Server socket created on IP: '::'.
2018-08-09 10:37:21 9800 [ERROR] Can't start server: Bind on TCP/IP port. Got error: 10048: Only one usage of each socket address (protocol/network address/port) is normally permitted.

2018-08-09 10:37:21 9800 [ERROR] Do you already have another mysqld server running on port: 3306 ?
2018-08-09 10:37:21 9800 [ERROR] Aborting

2018-08-09 10:45:51 1ca0 InnoDB: Warning: Using innodb_additional_mem_pool_size is DEPRECATED. This option may be removed in future releases, together with the option innodb_use_sys_malloc and with the InnoDB's internal memory allocator.
2018-08-09 10:45:51 7328 [Note] InnoDB: innodb_empty_free_list_algorithm has been changed to legacy because of small buffer pool size. In order to use backoff, increase buffer pool at least up to 20MB.

2018-08-09 10:45:51 7328 [Note] InnoDB: Using mutexes to ref count buffer pool pages
2018-08-09 10:45:51 7328 [Note] InnoDB: The InnoDB memory heap is disabled
2018-08-09 10:45:51 7328 [Note] InnoDB: Mutexes and rw_locks use Windows interlocked functions
2018-08-09 10:45:51 7328 [Note] InnoDB: _mm_lfence() and _mm_sfence() are used for memory barrier
2018-08-09 10:45:51 7328 [Note] InnoDB: Compressed tables use zlib 1.2.3
2018-08-09 10:45:51 7328 [Note] InnoDB: Using generic crc32 instructions
2018-08-09 10:45:51 7328 [Note] InnoDB: Initializing buffer pool, size = 16.0M
2018-08-09 10:45:51 7328 [Note] InnoDB: Completed initialization of buffer pool
2018-08-09 10:45:51 7328 [Note] InnoDB: Highest supported file format is Barracuda.
2018-08-09 10:45:53 7328 [Note] InnoDB: 128 rollback segment(s) are active.
2018-08-09 10:45:53 7328 [Note] InnoDB: Waiting for purge to start
2018-08-09 10:45:53 7328 [Note] InnoDB:  Percona XtraDB (http://www.percona.com) 5.6.39-83.1 started; log sequence number 4087684
2018-08-09 10:45:53 7196 [Note] InnoDB: Dumping buffer pool(s) not yet started
2018-08-09 10:45:53 7328 [Note] Plugin 'FEEDBACK' is disabled.
2018-08-09 10:45:53 7328 [Note] Server socket created on IP: '::'.
2018-08-09 10:45:53 7328 [ERROR] Can't start server: Bind on TCP/IP port. Got error: 10048: Only one usage of each socket address (protocol/network address/port) is normally permitted.

2018-08-09 10:45:53 7328 [ERROR] Do you already have another mysqld server running on port: 3306 ?
2018-08-09 10:45:53 7328 [ERROR] Aborting

2018-08-09 10:51:05 1d34 InnoDB: Warning: Using innodb_additional_mem_pool_size is DEPRECATED. This option may be removed in future releases, together with the option innodb_use_sys_malloc and with the InnoDB's internal memory allocator.
2018-08-09 10:51:05 7476 [Note] InnoDB: innodb_empty_free_list_algorithm has been changed to legacy because of small buffer pool size. In order to use backoff, increase buffer pool at least up to 20MB.

2018-08-09 10:51:05 7476 [Note] InnoDB: Using mutexes to ref count buffer pool pages
2018-08-09 10:51:05 7476 [Note] InnoDB: The InnoDB memory heap is disabled
2018-08-09 10:51:05 7476 [Note] InnoDB: Mutexes and rw_locks use Windows interlocked functions
2018-08-09 10:51:05 7476 [Note] InnoDB: _mm_lfence() and _mm_sfence() are used for memory barrier
2018-08-09 10:51:05 7476 [Note] InnoDB: Compressed tables use zlib 1.2.3
2018-08-09 10:51:05 7476 [Note] InnoDB: Using generic crc32 instructions
2018-08-09 10:51:05 7476 [Note] InnoDB: Initializing buffer pool, size = 16.0M
2018-08-09 10:51:05 7476 [Note] InnoDB: Completed initialization of buffer pool
2018-08-09 10:51:05 7476 [Note] InnoDB: Highest supported file format is Barracuda.
2018-08-09 10:51:06 7476 [Note] InnoDB: 128 rollback segment(s) are active.
2018-08-09 10:51:06 7476 [Note] InnoDB: Waiting for purge to start
2018-08-09 10:51:06 7476 [Note] InnoDB:  Percona XtraDB (http://www.percona.com) 5.6.39-83.1 started; log sequence number 4087694
2018-08-09 10:51:07 2476 [Note] InnoDB: Dumping buffer pool(s) not yet started
2018-08-09 10:51:07 7476 [Note] Plugin 'FEEDBACK' is disabled.
2018-08-09 10:51:07 7476 [Note] Server socket created on IP: '::'.
2018-08-09 10:51:07 7476 [Note] c:\xampp\mysql\bin\mysqld.exe: ready for connections.
Version: '10.1.34-MariaDB'  socket: ''  port: 3306  mariadb.org binary distribution
2018-08-09 11:48:26 7160 [ERROR] Incorrect definition of table mysql.column_stats: expected column 'min_value' at position 3 to have type varbinary(255), found type varchar(255).
2018-08-09 11:48:26 7160 [ERROR] Incorrect definition of table mysql.column_stats: expected column 'max_value' at position 4 to have type varbinary(255), found type varchar(255).
2018-08-09 19:49:01 4624 [Note] c:\xampp\mysql\bin\mysqld.exe: Normal shutdown
2018-08-09 19:49:01 4624 [Note] Event Scheduler: Purging the queue. 0 events
2018-08-09 19:49:02 5276 [Note] InnoDB: FTS optimize thread exiting.
2018-08-09 19:49:02 4624 [Note] InnoDB: Starting shutdown...
2018-08-09 19:49:02 4624 [Note] InnoDB: Waiting for page_cleaner to finish flushing of buffer pool
2018-08-09 19:49:04 4624 [Note] InnoDB: Shutdown completed; log sequence number 4502613
2018-08-09 19:49:04 4624 [Note] c:\xampp\mysql\bin\mysqld.exe: Shutdown complete

2018-08-10 08:46:53 1d68 InnoDB: Warning: Using innodb_additional_mem_pool_size is DEPRECATED. This option may be removed in future releases, together with the option innodb_use_sys_malloc and with the InnoDB's internal memory allocator.
2018-08-10  8:46:53 7528 [Note] InnoDB: innodb_empty_free_list_algorithm has been changed to legacy because of small buffer pool size. In order to use backoff, increase buffer pool at least up to 20MB.

2018-08-10  8:46:53 7528 [Note] InnoDB: Using mutexes to ref count buffer pool pages
2018-08-10  8:46:53 7528 [Note] InnoDB: The InnoDB memory heap is disabled
2018-08-10  8:46:53 7528 [Note] InnoDB: Mutexes and rw_locks use Windows interlocked functions
2018-08-10  8:46:53 7528 [Note] InnoDB: _mm_lfence() and _mm_sfence() are used for memory barrier
2018-08-10  8:46:53 7528 [Note] InnoDB: Compressed tables use zlib 1.2.3
2018-08-10  8:46:53 7528 [Note] InnoDB: Using generic crc32 instructions
2018-08-10  8:46:53 7528 [Note] InnoDB: Initializing buffer pool, size = 16.0M
2018-08-10  8:46:53 7528 [Note] InnoDB: Completed initialization of buffer pool
2018-08-10  8:46:53 7528 [Note] InnoDB: Highest supported file format is Barracuda.
2018-08-10  8:46:54 7528 [Note] InnoDB: 128 rollback segment(s) are active.
2018-08-10  8:46:54 7528 [Note] InnoDB: Waiting for purge to start
2018-08-10  8:46:54 7528 [Note] InnoDB:  Percona XtraDB (http://www.percona.com) 5.6.39-83.1 started; log sequence number 4502613
2018-08-10  8:46:54 3448 [Note] InnoDB: Dumping buffer pool(s) not yet started
2018-08-10  8:46:54 7528 [Note] Plugin 'FEEDBACK' is disabled.
2018-08-10  8:46:54 7528 [Note] Server socket created on IP: '::'.
2018-08-10  8:46:54 7528 [Note] c:\xampp\mysql\bin\mysqld.exe: ready for connections.
Version: '10.1.34-MariaDB'  socket: ''  port: 3306  mariadb.org binary distribution
2018-08-10  9:23:15 6384 [ERROR] Incorrect definition of table mysql.column_stats: expected column 'min_value' at position 3 to have type varbinary(255), found type varchar(255).
2018-08-10  9:23:15 6384 [ERROR] Incorrect definition of table mysql.column_stats: expected column 'max_value' at position 4 to have type varbinary(255), found type varchar(255).
2018-08-10  9:28:37 4980 [Note] c:\xampp\mysql\bin\mysqld.exe: Normal shutdown
2018-08-10  9:28:37 4980 [Note] Event Scheduler: Purging the queue. 0 events
2018-08-10  9:28:37 6132 [Note] InnoDB: FTS optimize thread exiting.
2018-08-10  9:28:37 4980 [Note] InnoDB: Starting shutdown...
2018-08-10  9:28:38 4980 [Note] InnoDB: Waiting for page_cleaner to finish flushing of buffer pool
2018-08-10  9:28:39 4980 [Note] InnoDB: Shutdown completed; log sequence number 4546420
2018-08-10  9:28:39 4980 [Note] c:\xampp\mysql\bin\mysqld.exe: Shutdown complete

2018-08-15 19:28:10 21ac InnoDB: Warning: Using innodb_additional_mem_pool_size is DEPRECATED. This option may be removed in future releases, together with the option innodb_use_sys_malloc and with the InnoDB's internal memory allocator.
2018-08-15 19:28:10 8620 [Note] InnoDB: innodb_empty_free_list_algorithm has been changed to legacy because of small buffer pool size. In order to use backoff, increase buffer pool at least up to 20MB.

2018-08-15 19:28:10 8620 [Note] InnoDB: Using mutexes to ref count buffer pool pages
2018-08-15 19:28:10 8620 [Note] InnoDB: The InnoDB memory heap is disabled
2018-08-15 19:28:10 8620 [Note] InnoDB: Mutexes and rw_locks use Windows interlocked functions
2018-08-15 19:28:10 8620 [Note] InnoDB: _mm_lfence() and _mm_sfence() are used for memory barrier
2018-08-15 19:28:10 8620 [Note] InnoDB: Compressed tables use zlib 1.2.3
2018-08-15 19:28:10 8620 [Note] InnoDB: Using generic crc32 instructions
2018-08-15 19:28:10 8620 [Note] InnoDB: Initializing buffer pool, size = 16.0M
2018-08-15 19:28:10 8620 [Note] InnoDB: Completed initialization of buffer pool
2018-08-15 19:28:10 8620 [Note] InnoDB: Highest supported file format is Barracuda.
2018-08-15 19:28:10 8620 [Note] InnoDB: 128 rollback segment(s) are active.
2018-08-15 19:28:10 8620 [Note] InnoDB: Waiting for purge to start
2018-08-15 19:28:10 8620 [Note] InnoDB:  Percona XtraDB (http://www.percona.com) 5.6.39-83.1 started; log sequence number 4546420
2018-08-15 19:28:10 1380 [Note] InnoDB: Dumping buffer pool(s) not yet started
2018-08-15 19:28:10 8620 [Note] Plugin 'FEEDBACK' is disabled.
2018-08-15 19:28:10 8620 [Note] Server socket created on IP: '::'.
2018-08-15 19:28:10 8620 [ERROR] Can't start server: Bind on TCP/IP port. Got error: 10048: Only one usage of each socket address (protocol/network address/port) is normally permitted.

2018-08-15 19:28:10 8620 [ERROR] Do you already have another mysqld server running on port: 3306 ?
2018-08-15 19:28:10 8620 [ERROR] Aborting

2018-08-15 19:56:36 1220 InnoDB: Warning: Using innodb_additional_mem_pool_size is DEPRECATED. This option may be removed in future releases, together with the option innodb_use_sys_malloc and with the InnoDB's internal memory allocator.
2018-08-15 19:56:37 4640 [Note] InnoDB: innodb_empty_free_list_algorithm has been changed to legacy because of small buffer pool size. In order to use backoff, increase buffer pool at least up to 20MB.

2018-08-15 19:56:37 4640 [Note] InnoDB: Using mutexes to ref count buffer pool pages
2018-08-15 19:56:37 4640 [Note] InnoDB: The InnoDB memory heap is disabled
2018-08-15 19:56:37 4640 [Note] InnoDB: Mutexes and rw_locks use Windows interlocked functions
2018-08-15 19:56:37 4640 [Note] InnoDB: _mm_lfence() and _mm_sfence() are used for memory barrier
2018-08-15 19:56:37 4640 [Note] InnoDB: Compressed tables use zlib 1.2.3
2018-08-15 19:56:37 4640 [Note] InnoDB: Using generic crc32 instructions
2018-08-15 19:56:37 4640 [Note] InnoDB: Initializing buffer pool, size = 16.0M
2018-08-15 19:56:37 4640 [Note] InnoDB: Completed initialization of buffer pool
2018-08-15 19:56:37 4640 [Note] InnoDB: Highest supported file format is Barracuda.
2018-08-15 19:56:41 4640 [Note] InnoDB: 128 rollback segment(s) are active.
2018-08-15 19:56:41 4640 [Note] InnoDB: Waiting for purge to start
2018-08-15 19:56:41 4640 [Note] InnoDB:  Percona XtraDB (http://www.percona.com) 5.6.39-83.1 started; log sequence number 4546430
2018-08-15 19:56:41 6864 [Note] InnoDB: Dumping buffer pool(s) not yet started
2018-08-15 19:56:41 4640 [Note] Plugin 'FEEDBACK' is disabled.
2018-08-15 19:56:41 4640 [Note] Server socket created on IP: '::'.
2018-08-15 19:56:41 4640 [ERROR] Can't start server: Bind on TCP/IP port. Got error: 10048: Only one usage of each socket address (protocol/network address/port) is normally permitted.

2018-08-15 19:56:41 4640 [ERROR] Do you already have another mysqld server running on port: 3306 ?
2018-08-15 19:56:41 4640 [ERROR] Aborting

2018-08-15 19:57:29 1d58 InnoDB: Warning: Using innodb_additional_mem_pool_size is DEPRECATED. This option may be removed in future releases, together with the option innodb_use_sys_malloc and with the InnoDB's internal memory allocator.
2018-08-15 19:57:29 7512 [Note] InnoDB: innodb_empty_free_list_algorithm has been changed to legacy because of small buffer pool size. In order to use backoff, increase buffer pool at least up to 20MB.

2018-08-15 19:57:29 7512 [Note] InnoDB: Using mutexes to ref count buffer pool pages
2018-08-15 19:57:29 7512 [Note] InnoDB: The InnoDB memory heap is disabled
2018-08-15 19:57:29 7512 [Note] InnoDB: Mutexes and rw_locks use Windows interlocked functions
2018-08-15 19:57:29 7512 [Note] InnoDB: _mm_lfence() and _mm_sfence() are used for memory barrier
2018-08-15 19:57:29 7512 [Note] InnoDB: Compressed tables use zlib 1.2.3
2018-08-15 19:57:29 7512 [Note] InnoDB: Using generic crc32 instructions
2018-08-15 19:57:29 7512 [Note] InnoDB: Initializing buffer pool, size = 16.0M
2018-08-15 19:57:29 7512 [Note] InnoDB: Completed initialization of buffer pool
2018-08-15 19:57:29 7512 [Note] InnoDB: Highest supported file format is Barracuda.
2018-08-15 19:57:31 7512 [Note] InnoDB: 128 rollback segment(s) are active.
2018-08-15 19:57:31 7512 [Note] InnoDB: Waiting for purge to start
2018-08-15 19:57:31 7512 [Note] InnoDB:  Percona XtraDB (http://www.percona.com) 5.6.39-83.1 started; log sequence number 4546440
2018-08-15 19:57:32 7680 [Note] InnoDB: Dumping buffer pool(s) not yet started
2018-08-15 19:57:32 7512 [Note] Plugin 'FEEDBACK' is disabled.
2018-08-15 19:57:32 7512 [Note] Server socket created on IP: '::'.
2018-08-15 19:57:33 7512 [Note] c:\xampp\mysql\bin\mysqld.exe: ready for connections.
Version: '10.1.34-MariaDB'  socket: ''  port: 3306  mariadb.org binary distribution
2018-08-15 21:36:15 7696 [Note] c:\xampp\mysql\bin\mysqld.exe: Normal shutdown
2018-08-15 21:36:15 7696 [Note] Event Scheduler: Purging the queue. 0 events
2018-08-15 21:36:16 7664 [Note] InnoDB: FTS optimize thread exiting.
2018-08-15 21:36:16 7696 [Note] InnoDB: Starting shutdown...
2018-08-15 21:36:16 7696 [Note] InnoDB: Waiting for page_cleaner to finish flushing of buffer pool
2018-08-15 21:36:18 7696 [Note] InnoDB: Shutdown completed; log sequence number 4555881
2018-08-15 21:36:18 7696 [Note] c:\xampp\mysql\bin\mysqld.exe: Shutdown complete

2018-08-16 08:39:27 1fa4 InnoDB: Warning: Using innodb_additional_mem_pool_size is DEPRECATED. This option may be removed in future releases, together with the option innodb_use_sys_malloc and with the InnoDB's internal memory allocator.
2018-08-16  8:39:27 8100 [Note] InnoDB: innodb_empty_free_list_algorithm has been changed to legacy because of small buffer pool size. In order to use backoff, increase buffer pool at least up to 20MB.

2018-08-16  8:39:27 8100 [Note] InnoDB: Using mutexes to ref count buffer pool pages
2018-08-16  8:39:27 8100 [Note] InnoDB: The InnoDB memory heap is disabled
2018-08-16  8:39:27 8100 [Note] InnoDB: Mutexes and rw_locks use Windows interlocked functions
2018-08-16  8:39:27 8100 [Note] InnoDB: _mm_lfence() and _mm_sfence() are used for memory barrier
2018-08-16  8:39:27 8100 [Note] InnoDB: Compressed tables use zlib 1.2.3
2018-08-16  8:39:27 8100 [Note] InnoDB: Using generic crc32 instructions
2018-08-16  8:39:27 8100 [Note] InnoDB: Initializing buffer pool, size = 16.0M
2018-08-16  8:39:27 8100 [Note] InnoDB: Completed initialization of buffer pool
2018-08-16  8:39:27 8100 [Note] InnoDB: Highest supported file format is Barracuda.
2018-08-16  8:39:28 8100 [Note] InnoDB: 128 rollback segment(s) are active.
2018-08-16  8:39:28 8100 [Note] InnoDB: Waiting for purge to start
2018-08-16  8:39:28 8100 [Note] InnoDB:  Percona XtraDB (http://www.percona.com) 5.6.39-83.1 started; log sequence number 4555881
2018-08-16  8:39:28 6076 [Note] InnoDB: Dumping buffer pool(s) not yet started
2018-08-16  8:39:28 8100 [Note] Plugin 'FEEDBACK' is disabled.
2018-08-16  8:39:28 8100 [Note] Server socket created on IP: '::'.
2018-08-16  8:39:29 8100 [Note] c:\xampp\mysql\bin\mysqld.exe: ready for connections.
Version: '10.1.34-MariaDB'  socket: ''  port: 3306  mariadb.org binary distribution
2018-08-16  9:49:57 8352 [Note] c:\xampp\mysql\bin\mysqld.exe: Normal shutdown
2018-08-16  9:49:57 8352 [Note] Event Scheduler: Purging the queue. 0 events
2018-08-16  9:49:58 2732 [Note] InnoDB: FTS optimize thread exiting.
2018-08-16  9:49:58 8352 [Note] InnoDB: Starting shutdown...
2018-08-16  9:49:59 8352 [Note] InnoDB: Waiting for page_cleaner to finish flushing of buffer pool
2018-08-16  9:49:59 8352 [Note] InnoDB: Shutdown completed; log sequence number 4572362
2018-08-16  9:49:59 8352 [Note] c:\xampp\mysql\bin\mysqld.exe: Shutdown complete

2018-08-16 17:38:51 1cd8 InnoDB: Warning: Using innodb_additional_mem_pool_size is DEPRECATED. This option may be removed in future releases, together with the option innodb_use_sys_malloc and with the InnoDB's internal memory allocator.
2018-08-16 17:38:51 7384 [Note] InnoDB: innodb_empty_free_list_algorithm has been changed to legacy because of small buffer pool size. In order to use backoff, increase buffer pool at least up to 20MB.

2018-08-16 17:38:51 7384 [Note] InnoDB: Using mutexes to ref count buffer pool pages
2018-08-16 17:38:51 7384 [Note] InnoDB: The InnoDB memory heap is disabled
2018-08-16 17:38:51 7384 [Note] InnoDB: Mutexes and rw_locks use Windows interlocked functions
2018-08-16 17:38:51 7384 [Note] InnoDB: _mm_lfence() and _mm_sfence() are used for memory barrier
2018-08-16 17:38:51 7384 [Note] InnoDB: Compressed tables use zlib 1.2.3
2018-08-16 17:38:51 7384 [Note] InnoDB: Using generic crc32 instructions
2018-08-16 17:38:51 7384 [Note] InnoDB: Initializing buffer pool, size = 16.0M
2018-08-16 17:38:51 7384 [Note] InnoDB: Completed initialization of buffer pool
2018-08-16 17:38:51 7384 [Note] InnoDB: Highest supported file format is Barracuda.
2018-08-16 17:38:51 7384 [Note] InnoDB: 128 rollback segment(s) are active.
2018-08-16 17:38:51 7384 [Note] InnoDB: Waiting for purge to start
2018-08-16 17:38:51 7384 [Note] InnoDB:  Percona XtraDB (http://www.percona.com) 5.6.39-83.1 started; log sequence number 4572362
2018-08-16 17:38:51 9104 [Note] InnoDB: Dumping buffer pool(s) not yet started
2018-08-16 17:38:51 7384 [Note] Plugin 'FEEDBACK' is disabled.
2018-08-16 17:38:51 7384 [Note] Server socket created on IP: '::'.
2018-08-16 17:38:51 7384 [Note] c:\xampp\mysql\bin\mysqld.exe: ready for connections.
Version: '10.1.34-MariaDB'  socket: ''  port: 3306  mariadb.org binary distribution
2018-08-16 18:56:15 6876 [Note] c:\xampp\mysql\bin\mysqld.exe: Normal shutdown
2018-08-16 18:56:15 6876 [Note] Event Scheduler: Purging the queue. 0 events
2018-08-16 18:56:16 12272 [Note] InnoDB: FTS optimize thread exiting.
2018-08-16 18:56:16 6876 [Note] InnoDB: Starting shutdown...
2018-08-16 18:56:17 6876 [Note] InnoDB: Waiting for page_cleaner to finish flushing of buffer pool
2018-08-16 18:56:18 6876 [Note] InnoDB: Shutdown completed; log sequence number 4584685
2018-08-16 18:56:18 6876 [Note] c:\xampp\mysql\bin\mysqld.exe: Shutdown complete

2018-08-17 19:35:31 1fb8 InnoDB: Warning: Using innodb_additional_mem_pool_size is DEPRECATED. This option may be removed in future releases, together with the option innodb_use_sys_malloc and with the InnoDB's internal memory allocator.
2018-08-17 19:35:31 8120 [Note] InnoDB: innodb_empty_free_list_algorithm has been changed to legacy because of small buffer pool size. In order to use backoff, increase buffer pool at least up to 20MB.

2018-08-17 19:35:31 8120 [Note] InnoDB: Using mutexes to ref count buffer pool pages
2018-08-17 19:35:31 8120 [Note] InnoDB: The InnoDB memory heap is disabled
2018-08-17 19:35:31 8120 [Note] InnoDB: Mutexes and rw_locks use Windows interlocked functions
2018-08-17 19:35:31 8120 [Note] InnoDB: _mm_lfence() and _mm_sfence() are used for memory barrier
2018-08-17 19:35:31 8120 [Note] InnoDB: Compressed tables use zlib 1.2.3
2018-08-17 19:35:31 8120 [Note] InnoDB: Using generic crc32 instructions
2018-08-17 19:35:31 8120 [Note] InnoDB: Initializing buffer pool, size = 16.0M
2018-08-17 19:35:31 8120 [Note] InnoDB: Completed initialization of buffer pool
2018-08-17 19:35:31 8120 [Note] InnoDB: Highest supported file format is Barracuda.
2018-08-17 19:35:32 8120 [Note] InnoDB: 128 rollback segment(s) are active.
2018-08-17 19:35:32 8120 [Note] InnoDB: Waiting for purge to start
2018-08-17 19:35:32 8120 [Note] InnoDB:  Percona XtraDB (http://www.percona.com) 5.6.39-83.1 started; log sequence number 4584685
2018-08-17 19:35:32 4288 [Note] InnoDB: Dumping buffer pool(s) not yet started
2018-08-17 19:35:32 8120 [Note] Plugin 'FEEDBACK' is disabled.
2018-08-17 19:35:32 8120 [Note] Server socket created on IP: '::'.
2018-08-17 19:35:32 8120 [Note] c:\xampp\mysql\bin\mysqld.exe: ready for connections.
Version: '10.1.34-MariaDB'  socket: ''  port: 3306  mariadb.org binary distribution
2018-08-20 08:18:03 18ec InnoDB: Warning: Using innodb_additional_mem_pool_size is DEPRECATED. This option may be removed in future releases, together with the option innodb_use_sys_malloc and with the InnoDB's internal memory allocator.
2018-08-20  8:18:03 6380 [Note] InnoDB: innodb_empty_free_list_algorithm has been changed to legacy because of small buffer pool size. In order to use backoff, increase buffer pool at least up to 20MB.

2018-08-20  8:18:03 6380 [Note] InnoDB: Using mutexes to ref count buffer pool pages
2018-08-20  8:18:03 6380 [Note] InnoDB: The InnoDB memory heap is disabled
2018-08-20  8:18:03 6380 [Note] InnoDB: Mutexes and rw_locks use Windows interlocked functions
2018-08-20  8:18:03 6380 [Note] InnoDB: _mm_lfence() and _mm_sfence() are used for memory barrier
2018-08-20  8:18:03 6380 [Note] InnoDB: Compressed tables use zlib 1.2.3
2018-08-20  8:18:03 6380 [Note] InnoDB: Using generic crc32 instructions
2018-08-20  8:18:03 6380 [Note] InnoDB: Initializing buffer pool, size = 16.0M
2018-08-20  8:18:03 6380 [Note] InnoDB: Completed initialization of buffer pool
2018-08-20  8:18:03 6380 [Note] InnoDB: Highest supported file format is Barracuda.
2018-08-20  8:18:03 6380 [Note] InnoDB: The log sequence number 4584685 in ibdata file do not match the log sequence number 4618413 in the ib_logfiles!
2018-08-20  8:18:03 6380 [Note] InnoDB: Restoring possible half-written data pages from the doublewrite buffer...
2018-08-20  8:18:04 6380 [Note] InnoDB: 128 rollback segment(s) are active.
2018-08-20  8:18:04 6380 [Note] InnoDB: Waiting for purge to start
2018-08-20  8:18:04 6380 [Note] InnoDB:  Percona XtraDB (http://www.percona.com) 5.6.39-83.1 started; log sequence number 4618413
2018-08-20  8:18:04 10160 [Note] InnoDB: Dumping buffer pool(s) not yet started
2018-08-20  8:18:04 6380 [Note] Plugin 'FEEDBACK' is disabled.
2018-08-20  8:18:04 6380 [Note] Server socket created on IP: '::'.
2018-08-20  8:18:04 6380 [ERROR] mysqld.exe: Table '.\mysql\db' is marked as crashed and should be repaired
2018-08-20  8:18:04 6380 [Warning] Checking table:   '.\mysql\db'
2018-08-20  8:18:04 6380 [ERROR] mysql.db: 1 client is using or hasn't closed the table properly
2018-08-20  8:18:04 6380 [ERROR] mysqld.exe: Table '.\mysql\tables_priv' is marked as crashed and should be repaired
2018-08-20  8:18:04 6380 [Warning] Checking table:   '.\mysql\tables_priv'
2018-08-20  8:18:04 6380 [ERROR] mysql.tables_priv: 1 client is using or hasn't closed the table properly
2018-08-20  8:18:04 6380 [ERROR] mysqld.exe: Table '.\mysql\columns_priv' is marked as crashed and should be repaired
2018-08-20  8:18:04 6380 [Warning] Checking table:   '.\mysql\columns_priv'
2018-08-20  8:18:04 6380 [ERROR] mysql.columns_priv: 1 client is using or hasn't closed the table properly
2018-08-20  8:18:04 6380 [ERROR] mysqld.exe: Table '.\mysql\procs_priv' is marked as crashed and should be repaired
2018-08-20  8:18:04 6380 [Warning] Checking table:   '.\mysql\procs_priv'
2018-08-20  8:18:04 6380 [ERROR] mysql.procs_priv: 1 client is using or hasn't closed the table properly
2018-08-20  8:18:04 6380 [Note] c:\xampp\mysql\bin\mysqld.exe: ready for connections.
Version: '10.1.34-MariaDB'  socket: ''  port: 3306  mariadb.org binary distribution
2018-08-20 08:35:14 3f38  InnoDB: Error: in ALTER TABLE `flood_risk_management_db`.`barangay_basic_info`
InnoDB: has or is referenced in foreign key constraints
InnoDB: which are not compatible with the new table definition.
2018-08-24 12:13:37 257c InnoDB: Warning: Using innodb_additional_mem_pool_size is DEPRECATED. This option may be removed in future releases, together with the option innodb_use_sys_malloc and with the InnoDB's internal memory allocator.
2018-08-24 12:13:37 9596 [Note] InnoDB: innodb_empty_free_list_algorithm has been changed to legacy because of small buffer pool size. In order to use backoff, increase buffer pool at least up to 20MB.

2018-08-24 12:13:37 9596 [Note] InnoDB: Using mutexes to ref count buffer pool pages
2018-08-24 12:13:37 9596 [Note] InnoDB: The InnoDB memory heap is disabled
2018-08-24 12:13:37 9596 [Note] InnoDB: Mutexes and rw_locks use Windows interlocked functions
2018-08-24 12:13:37 9596 [Note] InnoDB: _mm_lfence() and _mm_sfence() are used for memory barrier
2018-08-24 12:13:37 9596 [Note] InnoDB: Compressed tables use zlib 1.2.3
2018-08-24 12:13:37 9596 [Note] InnoDB: Using generic crc32 instructions
2018-08-24 12:13:37 9596 [Note] InnoDB: Initializing buffer pool, size = 16.0M
2018-08-24 12:13:37 9596 [Note] InnoDB: Completed initialization of buffer pool
2018-08-24 12:13:37 9596 [Note] InnoDB: Highest supported file format is Barracuda.
2018-08-24 12:13:37 9596 [Note] InnoDB: The log sequence number 4584685 in ibdata file do not match the log sequence number 4670741 in the ib_logfiles!
2018-08-24 12:13:37 9596 [Note] InnoDB: Restoring possible half-written data pages from the doublewrite buffer...
2018-08-24 12:13:38 9596 [Note] InnoDB: 128 rollback segment(s) are active.
2018-08-24 12:13:38 9596 [Note] InnoDB: Waiting for purge to start
2018-08-24 12:13:38 9596 [Note] InnoDB:  Percona XtraDB (http://www.percona.com) 5.6.39-83.1 started; log sequence number 4670741
2018-08-24 12:13:38 15032 [Note] InnoDB: Dumping buffer pool(s) not yet started
2018-08-24 12:13:38 9596 [Note] Plugin 'FEEDBACK' is disabled.
2018-08-24 12:13:38 9596 [Note] Server socket created on IP: '::'.
2018-08-24 12:13:38 9596 [Note] c:\xampp\mysql\bin\mysqld.exe: ready for connections.
Version: '10.1.34-MariaDB'  socket: ''  port: 3306  mariadb.org binary distribution
